2025-08-19 13:37:09,037 DEBUG    root            Loaded Command Group: ['gcloud', 'components']
2025-08-19 13:37:09,041 DEBUG    root            Loaded Command Group: ['gcloud', 'components', 'update']
2025-08-19 13:37:09,043 DEBUG    root            Running [gcloud.components.update] with arguments: [--compile-python: "True", --quiet: "True", COMPONENT-IDS:6: "['core', 'gcloud-deps', 'bq', 'gcloud', 'gcloud-crc32c', 'gsutil']"]
2025-08-19 13:37:09,044 INFO     ___FILE_ONLY___ Beginning update. This process may take several minutes.

2025-08-19 13:37:09,079 DEBUG    urllib3.connectionpool Starting new HTTPS connection (1): dl.google.com:443
2025-08-19 13:37:10,142 DEBUG    urllib3.connectionpool https://dl.google.com:443 "GET /dl/cloudsdk/channels/rapid/components-2.json HTTP/11" 200 233150
2025-08-19 13:37:10,152 INFO     ___FILE_ONLY___ 

2025-08-19 13:37:10,153 INFO     ___FILE_ONLY___ 
Your current Google Cloud CLI version is: 534.0.0

2025-08-19 13:37:10,153 INFO     ___FILE_ONLY___ Installing components from version: 534.0.0

2025-08-19 13:37:10,153 INFO     ___FILE_ONLY___ 

2025-08-19 13:37:10,153 DEBUG    root            Chosen display Format:table[box,title="These components will be removed."](details.display_name:label=Name:align=left,version.version_string:label=Version:align=right,data.size.size(zero="",min=1048576):label=Size:align=right)
2025-08-19 13:37:10,154 DEBUG    root            Chosen display Format:table[box,title="These components will be updated."](details.display_name:label=Name:align=left,version.version_string:label=Version:align=right,data.size.size(zero="",min=1048576):label=Size:align=right)
2025-08-19 13:37:10,154 DEBUG    root            Chosen display Format:table[box,title="These components will be installed."](details.display_name:label=Name:align=left,version.version_string:label=Version:align=right,data.size.size(zero="",min=1048576):label=Size:align=right)
2025-08-19 13:37:10,195 INFO     ___FILE_ONLY___ ┌─────────────────────────────────────────────────────────────────────────────┐
2025-08-19 13:37:10,195 INFO     ___FILE_ONLY___ 

2025-08-19 13:37:10,195 INFO     ___FILE_ONLY___ │                     These components will be installed.                     │
2025-08-19 13:37:10,195 INFO     ___FILE_ONLY___ 

2025-08-19 13:37:10,195 INFO     ___FILE_ONLY___ ├─────────────────────────────────────────────────────┬────────────┬──────────┤
2025-08-19 13:37:10,195 INFO     ___FILE_ONLY___ 

2025-08-19 13:37:10,195 INFO     ___FILE_ONLY___ │                         Name                        │  Version   │   Size   │
2025-08-19 13:37:10,195 INFO     ___FILE_ONLY___ 

2025-08-19 13:37:10,195 INFO     ___FILE_ONLY___ ├─────────────────────────────────────────────────────┼────────────┼──────────┤
2025-08-19 13:37:10,195 INFO     ___FILE_ONLY___ 

2025-08-19 13:37:10,195 INFO     ___FILE_ONLY___ │ 
2025-08-19 13:37:10,196 INFO     ___FILE_ONLY___ BigQuery Command Line Tool                         
2025-08-19 13:37:10,196 INFO     ___FILE_ONLY___  
2025-08-19 13:37:10,196 INFO     ___FILE_ONLY___ │ 
2025-08-19 13:37:10,196 INFO     ___FILE_ONLY___     2.1.22
2025-08-19 13:37:10,196 INFO     ___FILE_ONLY___  
2025-08-19 13:37:10,196 INFO     ___FILE_ONLY___ │ 
2025-08-19 13:37:10,196 INFO     ___FILE_ONLY___  1.8 MiB
2025-08-19 13:37:10,196 INFO     ___FILE_ONLY___  
2025-08-19 13:37:10,196 INFO     ___FILE_ONLY___ │
2025-08-19 13:37:10,196 INFO     ___FILE_ONLY___ 

2025-08-19 13:37:10,196 INFO     ___FILE_ONLY___ │ 
2025-08-19 13:37:10,196 INFO     ___FILE_ONLY___ BigQuery Command Line Tool (Platform Specific)     
2025-08-19 13:37:10,196 INFO     ___FILE_ONLY___  
2025-08-19 13:37:10,196 INFO     ___FILE_ONLY___ │ 
2025-08-19 13:37:10,196 INFO     ___FILE_ONLY___     2.1.17
2025-08-19 13:37:10,196 INFO     ___FILE_ONLY___  
2025-08-19 13:37:10,196 INFO     ___FILE_ONLY___ │ 
2025-08-19 13:37:10,196 INFO     ___FILE_ONLY___  < 1 MiB
2025-08-19 13:37:10,196 INFO     ___FILE_ONLY___  
2025-08-19 13:37:10,196 INFO     ___FILE_ONLY___ │
2025-08-19 13:37:10,196 INFO     ___FILE_ONLY___ 

2025-08-19 13:37:10,197 INFO     ___FILE_ONLY___ │ 
2025-08-19 13:37:10,197 INFO     ___FILE_ONLY___ Bundled Python 3.12 (Platform Specific)            
2025-08-19 13:37:10,197 INFO     ___FILE_ONLY___  
2025-08-19 13:37:10,197 INFO     ___FILE_ONLY___ │ 
2025-08-19 13:37:10,197 INFO     ___FILE_ONLY___     3.12.9
2025-08-19 13:37:10,197 INFO     ___FILE_ONLY___  
2025-08-19 13:37:10,197 INFO     ___FILE_ONLY___ │ 
2025-08-19 13:37:10,197 INFO     ___FILE_ONLY___ 89.3 MiB
2025-08-19 13:37:10,197 INFO     ___FILE_ONLY___  
2025-08-19 13:37:10,197 INFO     ___FILE_ONLY___ │
2025-08-19 13:37:10,197 INFO     ___FILE_ONLY___ 

2025-08-19 13:37:10,197 INFO     ___FILE_ONLY___ │ 
2025-08-19 13:37:10,197 INFO     ___FILE_ONLY___ Cloud Storage Command Line Tool                    
2025-08-19 13:37:10,197 INFO     ___FILE_ONLY___  
2025-08-19 13:37:10,197 INFO     ___FILE_ONLY___ │ 
2025-08-19 13:37:10,197 INFO     ___FILE_ONLY___       5.35
2025-08-19 13:37:10,197 INFO     ___FILE_ONLY___  
2025-08-19 13:37:10,197 INFO     ___FILE_ONLY___ │ 
2025-08-19 13:37:10,197 INFO     ___FILE_ONLY___ 12.4 MiB
2025-08-19 13:37:10,197 INFO     ___FILE_ONLY___  
2025-08-19 13:37:10,198 INFO     ___FILE_ONLY___ │
2025-08-19 13:37:10,198 INFO     ___FILE_ONLY___ 

2025-08-19 13:37:10,198 INFO     ___FILE_ONLY___ │ 
2025-08-19 13:37:10,198 INFO     ___FILE_ONLY___ Cloud Storage Command Line Tool (Platform Specific)
2025-08-19 13:37:10,198 INFO     ___FILE_ONLY___  
2025-08-19 13:37:10,198 INFO     ___FILE_ONLY___ │ 
2025-08-19 13:37:10,198 INFO     ___FILE_ONLY___       5.34
2025-08-19 13:37:10,198 INFO     ___FILE_ONLY___  
2025-08-19 13:37:10,198 INFO     ___FILE_ONLY___ │ 
2025-08-19 13:37:10,198 INFO     ___FILE_ONLY___  < 1 MiB
2025-08-19 13:37:10,198 INFO     ___FILE_ONLY___  
2025-08-19 13:37:10,198 INFO     ___FILE_ONLY___ │
2025-08-19 13:37:10,198 INFO     ___FILE_ONLY___ 

2025-08-19 13:37:10,198 INFO     ___FILE_ONLY___ │ 
2025-08-19 13:37:10,198 INFO     ___FILE_ONLY___ Google Cloud CLI Core Libraries (Platform Specific)
2025-08-19 13:37:10,198 INFO     ___FILE_ONLY___  
2025-08-19 13:37:10,198 INFO     ___FILE_ONLY___ │ 
2025-08-19 13:37:10,198 INFO     ___FILE_ONLY___ 2025.05.23
2025-08-19 13:37:10,198 INFO     ___FILE_ONLY___  
2025-08-19 13:37:10,198 INFO     ___FILE_ONLY___ │ 
2025-08-19 13:37:10,198 INFO     ___FILE_ONLY___  < 1 MiB
2025-08-19 13:37:10,199 INFO     ___FILE_ONLY___  
2025-08-19 13:37:10,199 INFO     ___FILE_ONLY___ │
2025-08-19 13:37:10,199 INFO     ___FILE_ONLY___ 

2025-08-19 13:37:10,199 INFO     ___FILE_ONLY___ │ 
2025-08-19 13:37:10,199 INFO     ___FILE_ONLY___ Google Cloud CRC32C Hash Tool (Platform Specific)  
2025-08-19 13:37:10,199 INFO     ___FILE_ONLY___  
2025-08-19 13:37:10,199 INFO     ___FILE_ONLY___ │ 
2025-08-19 13:37:10,199 INFO     ___FILE_ONLY___      1.0.0
2025-08-19 13:37:10,199 INFO     ___FILE_ONLY___  
2025-08-19 13:37:10,199 INFO     ___FILE_ONLY___ │ 
2025-08-19 13:37:10,199 INFO     ___FILE_ONLY___  1.5 MiB
2025-08-19 13:37:10,199 INFO     ___FILE_ONLY___  
2025-08-19 13:37:10,199 INFO     ___FILE_ONLY___ │
2025-08-19 13:37:10,199 INFO     ___FILE_ONLY___ 

2025-08-19 13:37:10,199 INFO     ___FILE_ONLY___ │ 
2025-08-19 13:37:10,199 INFO     ___FILE_ONLY___ gcloud cli dependencies (Platform Specific)        
2025-08-19 13:37:10,199 INFO     ___FILE_ONLY___  
2025-08-19 13:37:10,199 INFO     ___FILE_ONLY___ │ 
2025-08-19 13:37:10,199 INFO     ___FILE_ONLY___ 2021.04.16
2025-08-19 13:37:10,199 INFO     ___FILE_ONLY___  
2025-08-19 13:37:10,200 INFO     ___FILE_ONLY___ │ 
2025-08-19 13:37:10,200 INFO     ___FILE_ONLY___  < 1 MiB
2025-08-19 13:37:10,200 INFO     ___FILE_ONLY___  
2025-08-19 13:37:10,200 INFO     ___FILE_ONLY___ │
2025-08-19 13:37:10,200 INFO     ___FILE_ONLY___ 

2025-08-19 13:37:10,200 INFO     ___FILE_ONLY___ └─────────────────────────────────────────────────────┴────────────┴──────────┘
2025-08-19 13:37:10,200 INFO     ___FILE_ONLY___ 

2025-08-19 13:37:10,200 INFO     ___FILE_ONLY___ 

2025-08-19 13:37:10,203 DEBUG    urllib3.connectionpool Starting new HTTPS connection (1): dl.google.com:443
2025-08-19 13:37:11,260 DEBUG    urllib3.connectionpool https://dl.google.com:443 "GET /dl/cloudsdk/channels/rapid/RELEASE_NOTES HTTP/11" 200 1464830
2025-08-19 13:37:11,761 INFO     ___FILE_ONLY___ For the latest full release notes, please visit:
  https://cloud.google.com/sdk/release_notes


2025-08-19 13:37:11,761 INFO     ___FILE_ONLY___ Performing in place update...


2025-08-19 13:37:11,763 INFO     ___FILE_ONLY___ ╔════════════════════════════════════════════════════════════╗

2025-08-19 13:37:11,763 INFO     ___FILE_ONLY___ ╠═ Downloading: BigQuery Command Line Tool                  ═╣

2025-08-19 13:37:11,763 INFO     ___FILE_ONLY___ ╚
2025-08-19 13:37:11,766 DEBUG    urllib3.connectionpool Starting new HTTPS connection (1): dl.google.com:443
2025-08-19 13:37:12,828 DEBUG    urllib3.connectionpool https://dl.google.com:443 "GET /dl/cloudsdk/channels/rapid/components/google-cloud-sdk-bq-20250801150402.tar.gz HTTP/11" 200 1856357
2025-08-19 13:37:12,845 INFO     ___FILE_ONLY___ ═
2025-08-19 13:37:12,845 INFO     ___FILE_ONLY___ ═
2025-08-19 13:37:12,845 INFO     ___FILE_ONLY___ ═
2025-08-19 13:37:12,845 INFO     ___FILE_ONLY___ ═
2025-08-19 13:37:12,845 INFO     ___FILE_ONLY___ ═
2025-08-19 13:37:12,845 INFO     ___FILE_ONLY___ ═
2025-08-19 13:37:12,845 INFO     ___FILE_ONLY___ ═
2025-08-19 13:37:12,845 INFO     ___FILE_ONLY___ ═
2025-08-19 13:37:12,846 INFO     ___FILE_ONLY___ ═
2025-08-19 13:37:12,846 INFO     ___FILE_ONLY___ ═
2025-08-19 13:37:12,846 INFO     ___FILE_ONLY___ ═
2025-08-19 13:37:12,846 INFO     ___FILE_ONLY___ ═
2025-08-19 13:37:12,846 INFO     ___FILE_ONLY___ ═
2025-08-19 13:37:12,846 INFO     ___FILE_ONLY___ ═
2025-08-19 13:37:12,846 INFO     ___FILE_ONLY___ ═
2025-08-19 13:37:12,846 INFO     ___FILE_ONLY___ ═
2025-08-19 13:37:12,846 INFO     ___FILE_ONLY___ ═
2025-08-19 13:37:12,846 INFO     ___FILE_ONLY___ ═
2025-08-19 13:37:12,846 INFO     ___FILE_ONLY___ ═
2025-08-19 13:37:12,846 INFO     ___FILE_ONLY___ ═
2025-08-19 13:37:12,847 INFO     ___FILE_ONLY___ ═
2025-08-19 13:37:12,847 INFO     ___FILE_ONLY___ ═
2025-08-19 13:37:12,847 INFO     ___FILE_ONLY___ ═
2025-08-19 13:37:12,847 INFO     ___FILE_ONLY___ ═
2025-08-19 13:37:12,847 INFO     ___FILE_ONLY___ ═
2025-08-19 13:37:12,847 INFO     ___FILE_ONLY___ ═
2025-08-19 13:37:12,847 INFO     ___FILE_ONLY___ ═
2025-08-19 13:37:12,847 INFO     ___FILE_ONLY___ ═
2025-08-19 13:37:12,847 INFO     ___FILE_ONLY___ ═
2025-08-19 13:37:12,847 INFO     ___FILE_ONLY___ ═
2025-08-19 13:37:12,847 INFO     ___FILE_ONLY___ ═
2025-08-19 13:37:12,848 INFO     ___FILE_ONLY___ ═
2025-08-19 13:37:12,848 INFO     ___FILE_ONLY___ ═
2025-08-19 13:37:12,848 INFO     ___FILE_ONLY___ ═
2025-08-19 13:37:12,848 INFO     ___FILE_ONLY___ ═
2025-08-19 13:37:12,848 INFO     ___FILE_ONLY___ ═
2025-08-19 13:37:12,848 INFO     ___FILE_ONLY___ ═
2025-08-19 13:37:12,848 INFO     ___FILE_ONLY___ ═
2025-08-19 13:37:12,848 INFO     ___FILE_ONLY___ ═
2025-08-19 13:37:12,848 INFO     ___FILE_ONLY___ ═
2025-08-19 13:37:12,848 INFO     ___FILE_ONLY___ ═
2025-08-19 13:37:12,848 INFO     ___FILE_ONLY___ ═
2025-08-19 13:37:12,848 INFO     ___FILE_ONLY___ ═
2025-08-19 13:37:12,849 INFO     ___FILE_ONLY___ ═
2025-08-19 13:37:12,849 INFO     ___FILE_ONLY___ ═
2025-08-19 13:37:12,849 INFO     ___FILE_ONLY___ ═
2025-08-19 13:37:12,849 INFO     ___FILE_ONLY___ ═
2025-08-19 13:37:12,849 INFO     ___FILE_ONLY___ ═
2025-08-19 13:37:12,849 INFO     ___FILE_ONLY___ ═
2025-08-19 13:37:12,849 INFO     ___FILE_ONLY___ ═
2025-08-19 13:37:12,849 INFO     ___FILE_ONLY___ ═
2025-08-19 13:37:12,849 INFO     ___FILE_ONLY___ ═
2025-08-19 13:37:12,849 INFO     ___FILE_ONLY___ ═
2025-08-19 13:37:12,849 INFO     ___FILE_ONLY___ ═
2025-08-19 13:37:12,850 INFO     ___FILE_ONLY___ ═
2025-08-19 13:37:12,850 INFO     ___FILE_ONLY___ ═
2025-08-19 13:37:12,850 INFO     ___FILE_ONLY___ ═
2025-08-19 13:37:12,850 INFO     ___FILE_ONLY___ ═
2025-08-19 13:37:12,850 INFO     ___FILE_ONLY___ ═
2025-08-19 13:37:12,850 INFO     ___FILE_ONLY___ ═
2025-08-19 13:37:12,850 INFO     ___FILE_ONLY___ ╝

2025-08-19 13:37:12,852 INFO     ___FILE_ONLY___ ╔════════════════════════════════════════════════════════════╗

2025-08-19 13:37:12,852 INFO     ___FILE_ONLY___ ╠═ Downloading: BigQuery Command Line Tool (Platform Spe... ═╣

2025-08-19 13:37:12,852 INFO     ___FILE_ONLY___ ╚
2025-08-19 13:37:12,855 DEBUG    urllib3.connectionpool Starting new HTTPS connection (1): dl.google.com:443
2025-08-19 13:37:13,040 DEBUG    urllib3.connectionpool https://dl.google.com:443 "GET /dl/cloudsdk/channels/rapid/components/google-cloud-sdk-bq-nix-20250523104322.tar.gz HTTP/11" 200 1935
2025-08-19 13:37:13,040 INFO     ___FILE_ONLY___ ════════════════════════════════════════════════════════════
2025-08-19 13:37:13,041 INFO     ___FILE_ONLY___ ╝

2025-08-19 13:37:13,043 INFO     ___FILE_ONLY___ ╔════════════════════════════════════════════════════════════╗

2025-08-19 13:37:13,043 INFO     ___FILE_ONLY___ ╠═ Downloading: Bundled Python 3.12                         ═╣

2025-08-19 13:37:13,043 INFO     ___FILE_ONLY___ ╚
2025-08-19 13:37:13,043 INFO     ___FILE_ONLY___ ════════════════════════════════════════════════════════════
2025-08-19 13:37:13,043 INFO     ___FILE_ONLY___ ╝

2025-08-19 13:37:13,045 INFO     ___FILE_ONLY___ ╔════════════════════════════════════════════════════════════╗

2025-08-19 13:37:13,045 INFO     ___FILE_ONLY___ ╠═ Downloading: Bundled Python 3.12 (Platform Specific)     ═╣

2025-08-19 13:37:13,045 INFO     ___FILE_ONLY___ ╚
2025-08-19 13:37:13,048 DEBUG    urllib3.connectionpool Starting new HTTPS connection (1): dl.google.com:443
2025-08-19 13:37:14,100 DEBUG    urllib3.connectionpool https://dl.google.com:443 "GET /dl/cloudsdk/channels/rapid/components/google-cloud-sdk-bundled-python3-unix-linux-x86_64-20250502143716.tar.gz HTTP/11" 200 93610468
2025-08-19 13:37:14,421 INFO     ___FILE_ONLY___ ═
2025-08-19 13:37:14,423 INFO     ___FILE_ONLY___ ═
2025-08-19 13:37:14,425 INFO     ___FILE_ONLY___ ═
2025-08-19 13:37:14,426 INFO     ___FILE_ONLY___ ═
2025-08-19 13:37:14,428 INFO     ___FILE_ONLY___ ═
2025-08-19 13:37:14,430 INFO     ___FILE_ONLY___ ═
2025-08-19 13:37:14,431 INFO     ___FILE_ONLY___ ═
2025-08-19 13:37:14,433 INFO     ___FILE_ONLY___ ═
2025-08-19 13:37:14,435 INFO     ___FILE_ONLY___ ═
2025-08-19 13:37:14,436 INFO     ___FILE_ONLY___ ═
2025-08-19 13:37:14,438 INFO     ___FILE_ONLY___ ═
2025-08-19 13:37:14,439 INFO     ___FILE_ONLY___ ═
2025-08-19 13:37:14,441 INFO     ___FILE_ONLY___ ═
2025-08-19 13:37:14,443 INFO     ___FILE_ONLY___ ═
2025-08-19 13:37:14,444 INFO     ___FILE_ONLY___ ═
2025-08-19 13:37:14,446 INFO     ___FILE_ONLY___ ═
2025-08-19 13:37:14,447 INFO     ___FILE_ONLY___ ═
2025-08-19 13:37:14,449 INFO     ___FILE_ONLY___ ═
2025-08-19 13:37:14,451 INFO     ___FILE_ONLY___ ═
2025-08-19 13:37:14,452 INFO     ___FILE_ONLY___ ═
2025-08-19 13:37:14,454 INFO     ___FILE_ONLY___ ═
2025-08-19 13:37:14,455 INFO     ___FILE_ONLY___ ═
2025-08-19 13:37:14,457 INFO     ___FILE_ONLY___ ═
2025-08-19 13:37:14,459 INFO     ___FILE_ONLY___ ═
2025-08-19 13:37:14,460 INFO     ___FILE_ONLY___ ═
2025-08-19 13:37:14,462 INFO     ___FILE_ONLY___ ═
2025-08-19 13:37:14,464 INFO     ___FILE_ONLY___ ═
2025-08-19 13:37:14,465 INFO     ___FILE_ONLY___ ═
2025-08-19 13:37:14,467 INFO     ___FILE_ONLY___ ═
2025-08-19 13:37:14,469 INFO     ___FILE_ONLY___ ═
2025-08-19 13:37:14,470 INFO     ___FILE_ONLY___ ═
2025-08-19 13:37:14,472 INFO     ___FILE_ONLY___ ═
2025-08-19 13:37:14,474 INFO     ___FILE_ONLY___ ═
2025-08-19 13:37:14,475 INFO     ___FILE_ONLY___ ═
2025-08-19 13:37:14,477 INFO     ___FILE_ONLY___ ═
2025-08-19 13:37:14,478 INFO     ___FILE_ONLY___ ═
2025-08-19 13:37:14,480 INFO     ___FILE_ONLY___ ═
2025-08-19 13:37:14,482 INFO     ___FILE_ONLY___ ═
2025-08-19 13:37:14,483 INFO     ___FILE_ONLY___ ═
2025-08-19 13:37:14,485 INFO     ___FILE_ONLY___ ═
2025-08-19 13:37:14,486 INFO     ___FILE_ONLY___ ═
2025-08-19 13:37:14,488 INFO     ___FILE_ONLY___ ═
2025-08-19 13:37:14,490 INFO     ___FILE_ONLY___ ═
2025-08-19 13:37:14,491 INFO     ___FILE_ONLY___ ═
2025-08-19 13:37:14,493 INFO     ___FILE_ONLY___ ═
2025-08-19 13:37:14,495 INFO     ___FILE_ONLY___ ═
2025-08-19 13:37:14,496 INFO     ___FILE_ONLY___ ═
2025-08-19 13:37:14,498 INFO     ___FILE_ONLY___ ═
2025-08-19 13:37:14,500 INFO     ___FILE_ONLY___ ═
2025-08-19 13:37:14,501 INFO     ___FILE_ONLY___ ═
2025-08-19 13:37:14,503 INFO     ___FILE_ONLY___ ═
2025-08-19 13:37:14,505 INFO     ___FILE_ONLY___ ═
2025-08-19 13:37:14,506 INFO     ___FILE_ONLY___ ═
2025-08-19 13:37:14,508 INFO     ___FILE_ONLY___ ═
2025-08-19 13:37:14,510 INFO     ___FILE_ONLY___ ═
2025-08-19 13:37:14,511 INFO     ___FILE_ONLY___ ═
2025-08-19 13:37:14,513 INFO     ___FILE_ONLY___ ═
2025-08-19 13:37:14,515 INFO     ___FILE_ONLY___ ═
2025-08-19 13:37:14,517 INFO     ___FILE_ONLY___ ═
2025-08-19 13:37:14,518 INFO     ___FILE_ONLY___ ═
2025-08-19 13:37:14,518 INFO     ___FILE_ONLY___ ╝

2025-08-19 13:37:14,521 INFO     ___FILE_ONLY___ ╔════════════════════════════════════════════════════════════╗

2025-08-19 13:37:14,521 INFO     ___FILE_ONLY___ ╠═ Downloading: Cloud Storage Command Line Tool             ═╣

2025-08-19 13:37:14,521 INFO     ___FILE_ONLY___ ╚
2025-08-19 13:37:14,524 DEBUG    urllib3.connectionpool Starting new HTTPS connection (1): dl.google.com:443
2025-08-19 13:37:15,574 DEBUG    urllib3.connectionpool https://dl.google.com:443 "GET /dl/cloudsdk/channels/rapid/components/google-cloud-sdk-gsutil-20250627154417.tar.gz HTTP/11" 200 12962791
2025-08-19 13:37:15,620 INFO     ___FILE_ONLY___ ═
2025-08-19 13:37:15,620 INFO     ___FILE_ONLY___ ═
2025-08-19 13:37:15,621 INFO     ___FILE_ONLY___ ═
2025-08-19 13:37:15,621 INFO     ___FILE_ONLY___ ═
2025-08-19 13:37:15,621 INFO     ___FILE_ONLY___ ═
2025-08-19 13:37:15,621 INFO     ___FILE_ONLY___ ═
2025-08-19 13:37:15,622 INFO     ___FILE_ONLY___ ═
2025-08-19 13:37:15,622 INFO     ___FILE_ONLY___ ═
2025-08-19 13:37:15,622 INFO     ___FILE_ONLY___ ═
2025-08-19 13:37:15,622 INFO     ___FILE_ONLY___ ═
2025-08-19 13:37:15,623 INFO     ___FILE_ONLY___ ═
2025-08-19 13:37:15,623 INFO     ___FILE_ONLY___ ═
2025-08-19 13:37:15,623 INFO     ___FILE_ONLY___ ═
2025-08-19 13:37:15,624 INFO     ___FILE_ONLY___ ═
2025-08-19 13:37:15,624 INFO     ___FILE_ONLY___ ═
2025-08-19 13:37:15,624 INFO     ___FILE_ONLY___ ═
2025-08-19 13:37:15,624 INFO     ___FILE_ONLY___ ═
2025-08-19 13:37:15,625 INFO     ___FILE_ONLY___ ═
2025-08-19 13:37:15,625 INFO     ___FILE_ONLY___ ═
2025-08-19 13:37:15,625 INFO     ___FILE_ONLY___ ═
2025-08-19 13:37:15,626 INFO     ___FILE_ONLY___ ═
2025-08-19 13:37:15,626 INFO     ___FILE_ONLY___ ═
2025-08-19 13:37:15,626 INFO     ___FILE_ONLY___ ═
2025-08-19 13:37:15,626 INFO     ___FILE_ONLY___ ═
2025-08-19 13:37:15,627 INFO     ___FILE_ONLY___ ═
2025-08-19 13:37:15,627 INFO     ___FILE_ONLY___ ═
2025-08-19 13:37:15,628 INFO     ___FILE_ONLY___ ═
2025-08-19 13:37:15,628 INFO     ___FILE_ONLY___ ═
2025-08-19 13:37:15,628 INFO     ___FILE_ONLY___ ═
2025-08-19 13:37:15,629 INFO     ___FILE_ONLY___ ═
2025-08-19 13:37:15,629 INFO     ___FILE_ONLY___ ═
2025-08-19 13:37:15,629 INFO     ___FILE_ONLY___ ═
2025-08-19 13:37:15,630 INFO     ___FILE_ONLY___ ═
2025-08-19 13:37:15,630 INFO     ___FILE_ONLY___ ═
2025-08-19 13:37:15,630 INFO     ___FILE_ONLY___ ═
2025-08-19 13:37:15,630 INFO     ___FILE_ONLY___ ═
2025-08-19 13:37:15,631 INFO     ___FILE_ONLY___ ═
2025-08-19 13:37:15,631 INFO     ___FILE_ONLY___ ═
2025-08-19 13:37:15,631 INFO     ___FILE_ONLY___ ═
2025-08-19 13:37:15,632 INFO     ___FILE_ONLY___ ═
2025-08-19 13:37:15,632 INFO     ___FILE_ONLY___ ═
2025-08-19 13:37:15,632 INFO     ___FILE_ONLY___ ═
2025-08-19 13:37:15,632 INFO     ___FILE_ONLY___ ═
2025-08-19 13:37:15,633 INFO     ___FILE_ONLY___ ═
2025-08-19 13:37:15,633 INFO     ___FILE_ONLY___ ═
2025-08-19 13:37:15,633 INFO     ___FILE_ONLY___ ═
2025-08-19 13:37:15,634 INFO     ___FILE_ONLY___ ═
2025-08-19 13:37:15,634 INFO     ___FILE_ONLY___ ═
2025-08-19 13:37:15,634 INFO     ___FILE_ONLY___ ═
2025-08-19 13:37:15,634 INFO     ___FILE_ONLY___ ═
2025-08-19 13:37:15,635 INFO     ___FILE_ONLY___ ═
2025-08-19 13:37:15,635 INFO     ___FILE_ONLY___ ═
2025-08-19 13:37:15,635 INFO     ___FILE_ONLY___ ═
2025-08-19 13:37:15,636 INFO     ___FILE_ONLY___ ═
2025-08-19 13:37:15,636 INFO     ___FILE_ONLY___ ═
2025-08-19 13:37:15,636 INFO     ___FILE_ONLY___ ═
2025-08-19 13:37:15,637 INFO     ___FILE_ONLY___ ═
2025-08-19 13:37:15,637 INFO     ___FILE_ONLY___ ═
2025-08-19 13:37:15,637 INFO     ___FILE_ONLY___ ═
2025-08-19 13:37:15,637 INFO     ___FILE_ONLY___ ═
2025-08-19 13:37:15,638 INFO     ___FILE_ONLY___ ╝

2025-08-19 13:37:15,640 INFO     ___FILE_ONLY___ ╔════════════════════════════════════════════════════════════╗

2025-08-19 13:37:15,640 INFO     ___FILE_ONLY___ ╠═ Downloading: Cloud Storage Command Line Tool (Platfor... ═╣

2025-08-19 13:37:15,640 INFO     ___FILE_ONLY___ ╚
2025-08-19 13:37:15,643 DEBUG    urllib3.connectionpool Starting new HTTPS connection (1): dl.google.com:443
2025-08-19 13:37:16,747 DEBUG    urllib3.connectionpool https://dl.google.com:443 "GET /dl/cloudsdk/channels/rapid/components/google-cloud-sdk-gsutil-nix-20250523104322.tar.gz HTTP/11" 200 1950
2025-08-19 13:37:16,748 INFO     ___FILE_ONLY___ ════════════════════════════════════════════════════════════
2025-08-19 13:37:16,748 INFO     ___FILE_ONLY___ ╝

2025-08-19 13:37:16,750 INFO     ___FILE_ONLY___ ╔════════════════════════════════════════════════════════════╗

2025-08-19 13:37:16,750 INFO     ___FILE_ONLY___ ╠═ Downloading: Default set of gcloud commands              ═╣

2025-08-19 13:37:16,750 INFO     ___FILE_ONLY___ ╚
2025-08-19 13:37:16,750 INFO     ___FILE_ONLY___ ════════════════════════════════════════════════════════════
2025-08-19 13:37:16,750 INFO     ___FILE_ONLY___ ╝

2025-08-19 13:37:16,752 INFO     ___FILE_ONLY___ ╔════════════════════════════════════════════════════════════╗

2025-08-19 13:37:16,752 INFO     ___FILE_ONLY___ ╠═ Downloading: Google Cloud CLI Core Libraries (Platfor... ═╣

2025-08-19 13:37:16,752 INFO     ___FILE_ONLY___ ╚
2025-08-19 13:37:16,756 DEBUG    urllib3.connectionpool Starting new HTTPS connection (1): dl.google.com:443
2025-08-19 13:37:17,848 DEBUG    urllib3.connectionpool https://dl.google.com:443 "GET /dl/cloudsdk/channels/rapid/components/google-cloud-sdk-core-nix-20250523104322.tar.gz HTTP/11" 200 2325
2025-08-19 13:37:17,849 INFO     ___FILE_ONLY___ ════════════════════════════════════════════════════════════
2025-08-19 13:37:17,849 INFO     ___FILE_ONLY___ ╝

2025-08-19 13:37:17,851 INFO     ___FILE_ONLY___ ╔════════════════════════════════════════════════════════════╗

2025-08-19 13:37:17,851 INFO     ___FILE_ONLY___ ╠═ Downloading: Google Cloud CRC32C Hash Tool               ═╣

2025-08-19 13:37:17,851 INFO     ___FILE_ONLY___ ╚
2025-08-19 13:37:17,851 INFO     ___FILE_ONLY___ ════════════════════════════════════════════════════════════
2025-08-19 13:37:17,851 INFO     ___FILE_ONLY___ ╝

2025-08-19 13:37:17,853 INFO     ___FILE_ONLY___ ╔════════════════════════════════════════════════════════════╗

2025-08-19 13:37:17,853 INFO     ___FILE_ONLY___ ╠═ Downloading: Google Cloud CRC32C Hash Tool (Platform ... ═╣

2025-08-19 13:37:17,853 INFO     ___FILE_ONLY___ ╚
2025-08-19 13:37:17,856 DEBUG    urllib3.connectionpool Starting new HTTPS connection (1): dl.google.com:443
2025-08-19 13:37:18,905 DEBUG    urllib3.connectionpool https://dl.google.com:443 "GET /dl/cloudsdk/channels/rapid/components/google-cloud-sdk-gcloud-crc32c-linux-x86_64-20250613150750.tar.gz HTTP/11" 200 1525557
2025-08-19 13:37:18,916 INFO     ___FILE_ONLY___ ═
2025-08-19 13:37:18,917 INFO     ___FILE_ONLY___ ═
2025-08-19 13:37:18,917 INFO     ___FILE_ONLY___ ═
2025-08-19 13:37:18,917 INFO     ___FILE_ONLY___ ═
2025-08-19 13:37:18,917 INFO     ___FILE_ONLY___ ═
2025-08-19 13:37:18,917 INFO     ___FILE_ONLY___ ═
2025-08-19 13:37:18,917 INFO     ___FILE_ONLY___ ═
2025-08-19 13:37:18,917 INFO     ___FILE_ONLY___ ═
2025-08-19 13:37:18,917 INFO     ___FILE_ONLY___ ═
2025-08-19 13:37:18,917 INFO     ___FILE_ONLY___ ═
2025-08-19 13:37:18,917 INFO     ___FILE_ONLY___ ═
2025-08-19 13:37:18,917 INFO     ___FILE_ONLY___ ═
2025-08-19 13:37:18,917 INFO     ___FILE_ONLY___ ═
2025-08-19 13:37:18,918 INFO     ___FILE_ONLY___ ═
2025-08-19 13:37:18,918 INFO     ___FILE_ONLY___ ═
2025-08-19 13:37:18,918 INFO     ___FILE_ONLY___ ═
2025-08-19 13:37:18,918 INFO     ___FILE_ONLY___ ═
2025-08-19 13:37:18,918 INFO     ___FILE_ONLY___ ═
2025-08-19 13:37:18,918 INFO     ___FILE_ONLY___ ═
2025-08-19 13:37:18,918 INFO     ___FILE_ONLY___ ═
2025-08-19 13:37:18,918 INFO     ___FILE_ONLY___ ═
2025-08-19 13:37:18,918 INFO     ___FILE_ONLY___ ═
2025-08-19 13:37:18,918 INFO     ___FILE_ONLY___ ═
2025-08-19 13:37:18,918 INFO     ___FILE_ONLY___ ═
2025-08-19 13:37:18,918 INFO     ___FILE_ONLY___ ═
2025-08-19 13:37:18,918 INFO     ___FILE_ONLY___ ═
2025-08-19 13:37:18,919 INFO     ___FILE_ONLY___ ═
2025-08-19 13:37:18,919 INFO     ___FILE_ONLY___ ═
2025-08-19 13:37:18,919 INFO     ___FILE_ONLY___ ═
2025-08-19 13:37:18,919 INFO     ___FILE_ONLY___ ═
2025-08-19 13:37:18,919 INFO     ___FILE_ONLY___ ═
2025-08-19 13:37:18,919 INFO     ___FILE_ONLY___ ═
2025-08-19 13:37:18,919 INFO     ___FILE_ONLY___ ═
2025-08-19 13:37:18,919 INFO     ___FILE_ONLY___ ═
2025-08-19 13:37:18,919 INFO     ___FILE_ONLY___ ═
2025-08-19 13:37:18,919 INFO     ___FILE_ONLY___ ═
2025-08-19 13:37:18,919 INFO     ___FILE_ONLY___ ═
2025-08-19 13:37:18,920 INFO     ___FILE_ONLY___ ═
2025-08-19 13:37:18,920 INFO     ___FILE_ONLY___ ═
2025-08-19 13:37:18,920 INFO     ___FILE_ONLY___ ═
2025-08-19 13:37:18,920 INFO     ___FILE_ONLY___ ═
2025-08-19 13:37:18,920 INFO     ___FILE_ONLY___ ═
2025-08-19 13:37:18,920 INFO     ___FILE_ONLY___ ═
2025-08-19 13:37:18,920 INFO     ___FILE_ONLY___ ═
2025-08-19 13:37:18,920 INFO     ___FILE_ONLY___ ═
2025-08-19 13:37:18,920 INFO     ___FILE_ONLY___ ═
2025-08-19 13:37:18,920 INFO     ___FILE_ONLY___ ═
2025-08-19 13:37:18,920 INFO     ___FILE_ONLY___ ═
2025-08-19 13:37:18,920 INFO     ___FILE_ONLY___ ═
2025-08-19 13:37:18,920 INFO     ___FILE_ONLY___ ═
2025-08-19 13:37:18,921 INFO     ___FILE_ONLY___ ═
2025-08-19 13:37:18,921 INFO     ___FILE_ONLY___ ═
2025-08-19 13:37:18,921 INFO     ___FILE_ONLY___ ═
2025-08-19 13:37:18,921 INFO     ___FILE_ONLY___ ═
2025-08-19 13:37:18,921 INFO     ___FILE_ONLY___ ═
2025-08-19 13:37:18,921 INFO     ___FILE_ONLY___ ═
2025-08-19 13:37:18,921 INFO     ___FILE_ONLY___ ═
2025-08-19 13:37:18,921 INFO     ___FILE_ONLY___ ═
2025-08-19 13:37:18,921 INFO     ___FILE_ONLY___ ═
2025-08-19 13:37:18,921 INFO     ___FILE_ONLY___ ═
2025-08-19 13:37:18,921 INFO     ___FILE_ONLY___ ╝

2025-08-19 13:37:18,923 INFO     ___FILE_ONLY___ ╔════════════════════════════════════════════════════════════╗

2025-08-19 13:37:18,923 INFO     ___FILE_ONLY___ ╠═ Downloading: gcloud cli dependencies (Platform Specific) ═╣

2025-08-19 13:37:18,923 INFO     ___FILE_ONLY___ ╚
2025-08-19 13:37:18,926 DEBUG    urllib3.connectionpool Starting new HTTPS connection (1): dl.google.com:443
2025-08-19 13:37:19,116 DEBUG    urllib3.connectionpool https://dl.google.com:443 "GET /dl/cloudsdk/channels/rapid/components/google-cloud-sdk-gcloud-deps-linux-x86_64-20210416153011.tar.gz HTTP/11" 200 104
2025-08-19 13:37:19,116 INFO     ___FILE_ONLY___ ════════════════════════════════════════════════════════════
2025-08-19 13:37:19,116 INFO     ___FILE_ONLY___ ╝

2025-08-19 13:37:19,118 INFO     ___FILE_ONLY___ ╔════════════════════════════════════════════════════════════╗

2025-08-19 13:37:19,119 INFO     ___FILE_ONLY___ ╠═ Installing: BigQuery Command Line Tool                   ═╣

2025-08-19 13:37:19,119 INFO     ___FILE_ONLY___ ╚
2025-08-19 13:37:19,209 INFO     ___FILE_ONLY___ ═
2025-08-19 13:37:19,212 INFO     ___FILE_ONLY___ ═
2025-08-19 13:37:19,214 INFO     ___FILE_ONLY___ ═
2025-08-19 13:37:19,216 INFO     ___FILE_ONLY___ ═
2025-08-19 13:37:19,218 INFO     ___FILE_ONLY___ ═
2025-08-19 13:37:19,220 INFO     ___FILE_ONLY___ ═
2025-08-19 13:37:19,223 INFO     ___FILE_ONLY___ ═
2025-08-19 13:37:19,225 INFO     ___FILE_ONLY___ ═
2025-08-19 13:37:19,227 INFO     ___FILE_ONLY___ ═
2025-08-19 13:37:19,229 INFO     ___FILE_ONLY___ ═
2025-08-19 13:37:19,231 INFO     ___FILE_ONLY___ ═
2025-08-19 13:37:19,233 INFO     ___FILE_ONLY___ ═
2025-08-19 13:37:19,235 INFO     ___FILE_ONLY___ ═
2025-08-19 13:37:19,237 INFO     ___FILE_ONLY___ ═
2025-08-19 13:37:19,239 INFO     ___FILE_ONLY___ ═
2025-08-19 13:37:19,241 INFO     ___FILE_ONLY___ ═
2025-08-19 13:37:19,244 INFO     ___FILE_ONLY___ ═
2025-08-19 13:37:19,246 INFO     ___FILE_ONLY___ ═
2025-08-19 13:37:19,248 INFO     ___FILE_ONLY___ ═
2025-08-19 13:37:19,251 INFO     ___FILE_ONLY___ ═
2025-08-19 13:37:19,253 INFO     ___FILE_ONLY___ ═
2025-08-19 13:37:19,255 INFO     ___FILE_ONLY___ ═
2025-08-19 13:37:19,258 INFO     ___FILE_ONLY___ ═
2025-08-19 13:37:19,259 INFO     ___FILE_ONLY___ ═
2025-08-19 13:37:19,261 INFO     ___FILE_ONLY___ ═
2025-08-19 13:37:19,263 INFO     ___FILE_ONLY___ ═
2025-08-19 13:37:19,265 INFO     ___FILE_ONLY___ ═
2025-08-19 13:37:19,267 INFO     ___FILE_ONLY___ ═
2025-08-19 13:37:19,269 INFO     ___FILE_ONLY___ ═
2025-08-19 13:37:19,273 INFO     ___FILE_ONLY___ ═
2025-08-19 13:37:19,274 INFO     ___FILE_ONLY___ ═
2025-08-19 13:37:19,277 INFO     ___FILE_ONLY___ ═
2025-08-19 13:37:19,278 INFO     ___FILE_ONLY___ ═
2025-08-19 13:37:19,282 INFO     ___FILE_ONLY___ ═
2025-08-19 13:37:19,284 INFO     ___FILE_ONLY___ ═
2025-08-19 13:37:19,291 INFO     ___FILE_ONLY___ ═
2025-08-19 13:37:19,296 INFO     ___FILE_ONLY___ ═
2025-08-19 13:37:19,300 INFO     ___FILE_ONLY___ ═
2025-08-19 13:37:19,302 INFO     ___FILE_ONLY___ ═
2025-08-19 13:37:19,305 INFO     ___FILE_ONLY___ ═
2025-08-19 13:37:19,307 INFO     ___FILE_ONLY___ ═
2025-08-19 13:37:19,309 INFO     ___FILE_ONLY___ ═
2025-08-19 13:37:19,312 INFO     ___FILE_ONLY___ ═
2025-08-19 13:37:19,316 INFO     ___FILE_ONLY___ ═
2025-08-19 13:37:19,318 INFO     ___FILE_ONLY___ ═
2025-08-19 13:37:19,320 INFO     ___FILE_ONLY___ ═
2025-08-19 13:37:19,322 INFO     ___FILE_ONLY___ ═
2025-08-19 13:37:19,324 INFO     ___FILE_ONLY___ ═
2025-08-19 13:37:19,326 INFO     ___FILE_ONLY___ ═
2025-08-19 13:37:19,328 INFO     ___FILE_ONLY___ ═
2025-08-19 13:37:19,330 INFO     ___FILE_ONLY___ ═
2025-08-19 13:37:19,332 INFO     ___FILE_ONLY___ ═
2025-08-19 13:37:19,334 INFO     ___FILE_ONLY___ ═
2025-08-19 13:37:19,337 INFO     ___FILE_ONLY___ ═
2025-08-19 13:37:19,339 INFO     ___FILE_ONLY___ ═
2025-08-19 13:37:19,341 INFO     ___FILE_ONLY___ ═
2025-08-19 13:37:19,343 INFO     ___FILE_ONLY___ ═
2025-08-19 13:37:19,345 INFO     ___FILE_ONLY___ ═
2025-08-19 13:37:19,346 INFO     ___FILE_ONLY___ ═
2025-08-19 13:37:19,348 INFO     ___FILE_ONLY___ ═
2025-08-19 13:37:19,348 INFO     ___FILE_ONLY___ ╝

2025-08-19 13:37:19,358 INFO     ___FILE_ONLY___ ╔════════════════════════════════════════════════════════════╗

2025-08-19 13:37:19,358 INFO     ___FILE_ONLY___ ╠═ Installing: BigQuery Command Line Tool (Platform Spec... ═╣

2025-08-19 13:37:19,358 INFO     ___FILE_ONLY___ ╚
2025-08-19 13:37:19,359 INFO     ___FILE_ONLY___ ════════════════════════════════════════════════════════════
2025-08-19 13:37:19,359 INFO     ___FILE_ONLY___ ╝

2025-08-19 13:37:19,363 INFO     ___FILE_ONLY___ ╔════════════════════════════════════════════════════════════╗

2025-08-19 13:37:19,363 INFO     ___FILE_ONLY___ ╠═ Installing: Bundled Python 3.12                          ═╣

2025-08-19 13:37:19,363 INFO     ___FILE_ONLY___ ╚
2025-08-19 13:37:19,366 INFO     ___FILE_ONLY___ ════════════════════════════════════════════════════════════
2025-08-19 13:37:19,366 INFO     ___FILE_ONLY___ ╝

2025-08-19 13:37:19,368 INFO     ___FILE_ONLY___ ╔════════════════════════════════════════════════════════════╗

2025-08-19 13:37:19,368 INFO     ___FILE_ONLY___ ╠═ Installing: Bundled Python 3.12 (Platform Specific)      ═╣

2025-08-19 13:37:19,368 INFO     ___FILE_ONLY___ ╚
2025-08-19 13:37:21,509 INFO     ___FILE_ONLY___ ═
2025-08-19 13:37:21,521 INFO     ___FILE_ONLY___ ═
2025-08-19 13:37:21,532 INFO     ___FILE_ONLY___ ═
2025-08-19 13:37:21,544 INFO     ___FILE_ONLY___ ═
2025-08-19 13:37:21,556 INFO     ___FILE_ONLY___ ═
2025-08-19 13:37:21,568 INFO     ___FILE_ONLY___ ═
2025-08-19 13:37:21,581 INFO     ___FILE_ONLY___ ═
2025-08-19 13:37:21,593 INFO     ___FILE_ONLY___ ═
2025-08-19 13:37:21,604 INFO     ___FILE_ONLY___ ═
2025-08-19 13:37:21,616 INFO     ___FILE_ONLY___ ═
2025-08-19 13:37:21,628 INFO     ___FILE_ONLY___ ═
2025-08-19 13:37:21,640 INFO     ___FILE_ONLY___ ═
2025-08-19 13:37:21,652 INFO     ___FILE_ONLY___ ═
2025-08-19 13:37:21,664 INFO     ___FILE_ONLY___ ═
2025-08-19 13:37:21,676 INFO     ___FILE_ONLY___ ═
2025-08-19 13:37:21,688 INFO     ___FILE_ONLY___ ═
2025-08-19 13:37:21,700 INFO     ___FILE_ONLY___ ═
2025-08-19 13:37:21,712 INFO     ___FILE_ONLY___ ═
2025-08-19 13:37:21,724 INFO     ___FILE_ONLY___ ═
2025-08-19 13:37:21,736 INFO     ___FILE_ONLY___ ═
2025-08-19 13:37:21,748 INFO     ___FILE_ONLY___ ═
2025-08-19 13:37:21,760 INFO     ___FILE_ONLY___ ═
2025-08-19 13:37:21,772 INFO     ___FILE_ONLY___ ═
2025-08-19 13:37:21,783 INFO     ___FILE_ONLY___ ═
2025-08-19 13:37:21,795 INFO     ___FILE_ONLY___ ═
2025-08-19 13:37:21,806 INFO     ___FILE_ONLY___ ═
2025-08-19 13:37:21,818 INFO     ___FILE_ONLY___ ═
2025-08-19 13:37:21,830 INFO     ___FILE_ONLY___ ═
2025-08-19 13:37:21,841 INFO     ___FILE_ONLY___ ═
2025-08-19 13:37:21,853 INFO     ___FILE_ONLY___ ═
2025-08-19 13:37:21,865 INFO     ___FILE_ONLY___ ═
2025-08-19 13:37:21,877 INFO     ___FILE_ONLY___ ═
2025-08-19 13:37:21,889 INFO     ___FILE_ONLY___ ═
2025-08-19 13:37:21,901 INFO     ___FILE_ONLY___ ═
2025-08-19 13:37:21,917 INFO     ___FILE_ONLY___ ═
2025-08-19 13:37:21,931 INFO     ___FILE_ONLY___ ═
2025-08-19 13:37:22,754 INFO     ___FILE_ONLY___ ═
2025-08-19 13:37:22,777 INFO     ___FILE_ONLY___ ═
2025-08-19 13:37:23,248 INFO     ___FILE_ONLY___ ═
2025-08-19 13:37:23,266 INFO     ___FILE_ONLY___ ═
2025-08-19 13:37:23,287 INFO     ___FILE_ONLY___ ═
2025-08-19 13:37:23,311 INFO     ___FILE_ONLY___ ═
2025-08-19 13:37:23,330 INFO     ___FILE_ONLY___ ═
2025-08-19 13:37:23,357 INFO     ___FILE_ONLY___ ═
2025-08-19 13:37:23,376 INFO     ___FILE_ONLY___ ═
2025-08-19 13:37:23,395 INFO     ___FILE_ONLY___ ═
2025-08-19 13:37:23,411 INFO     ___FILE_ONLY___ ═
2025-08-19 13:37:23,427 INFO     ___FILE_ONLY___ ═
2025-08-19 13:37:23,512 INFO     ___FILE_ONLY___ ═
2025-08-19 13:37:23,530 INFO     ___FILE_ONLY___ ═
2025-08-19 13:37:23,669 INFO     ___FILE_ONLY___ ═
2025-08-19 13:37:23,688 INFO     ___FILE_ONLY___ ═
2025-08-19 13:37:23,707 INFO     ___FILE_ONLY___ ═
2025-08-19 13:37:23,725 INFO     ___FILE_ONLY___ ═
2025-08-19 13:37:23,742 INFO     ___FILE_ONLY___ ═
2025-08-19 13:37:23,761 INFO     ___FILE_ONLY___ ═
2025-08-19 13:37:23,780 INFO     ___FILE_ONLY___ ═
2025-08-19 13:37:23,799 INFO     ___FILE_ONLY___ ═
2025-08-19 13:37:23,828 INFO     ___FILE_ONLY___ ═
2025-08-19 13:37:24,313 INFO     ___FILE_ONLY___ ═
2025-08-19 13:37:24,313 INFO     ___FILE_ONLY___ ╝

2025-08-19 13:37:24,366 INFO     ___FILE_ONLY___ ╔════════════════════════════════════════════════════════════╗

2025-08-19 13:37:24,366 INFO     ___FILE_ONLY___ ╠═ Installing: Cloud Storage Command Line Tool              ═╣

2025-08-19 13:37:24,367 INFO     ___FILE_ONLY___ ╚
2025-08-19 13:37:24,935 INFO     ___FILE_ONLY___ ═
2025-08-19 13:37:24,948 INFO     ___FILE_ONLY___ ═
2025-08-19 13:37:24,960 INFO     ___FILE_ONLY___ ═
2025-08-19 13:37:24,971 INFO     ___FILE_ONLY___ ═
2025-08-19 13:37:24,982 INFO     ___FILE_ONLY___ ═
2025-08-19 13:37:25,018 INFO     ___FILE_ONLY___ ═
2025-08-19 13:37:25,033 INFO     ___FILE_ONLY___ ═
2025-08-19 13:37:25,050 INFO     ___FILE_ONLY___ ═
2025-08-19 13:37:25,065 INFO     ___FILE_ONLY___ ═
2025-08-19 13:37:25,080 INFO     ___FILE_ONLY___ ═
2025-08-19 13:37:25,097 INFO     ___FILE_ONLY___ ═
2025-08-19 13:37:25,109 INFO     ___FILE_ONLY___ ═
2025-08-19 13:37:25,121 INFO     ___FILE_ONLY___ ═
2025-08-19 13:37:25,129 INFO     ___FILE_ONLY___ ═
2025-08-19 13:37:25,139 INFO     ___FILE_ONLY___ ═
2025-08-19 13:37:25,156 INFO     ___FILE_ONLY___ ═
2025-08-19 13:37:25,169 INFO     ___FILE_ONLY___ ═
2025-08-19 13:37:25,179 INFO     ___FILE_ONLY___ ═
2025-08-19 13:37:25,190 INFO     ___FILE_ONLY___ ═
2025-08-19 13:37:25,202 INFO     ___FILE_ONLY___ ═
2025-08-19 13:37:25,212 INFO     ___FILE_ONLY___ ═
2025-08-19 13:37:25,224 INFO     ___FILE_ONLY___ ═
2025-08-19 13:37:25,235 INFO     ___FILE_ONLY___ ═
2025-08-19 13:37:25,246 INFO     ___FILE_ONLY___ ═
2025-08-19 13:37:25,256 INFO     ___FILE_ONLY___ ═
2025-08-19 13:37:25,266 INFO     ___FILE_ONLY___ ═
2025-08-19 13:37:25,277 INFO     ___FILE_ONLY___ ═
2025-08-19 13:37:25,290 INFO     ___FILE_ONLY___ ═
2025-08-19 13:37:25,307 INFO     ___FILE_ONLY___ ═
2025-08-19 13:37:25,319 INFO     ___FILE_ONLY___ ═
2025-08-19 13:37:25,331 INFO     ___FILE_ONLY___ ═
2025-08-19 13:37:25,352 INFO     ___FILE_ONLY___ ═
2025-08-19 13:37:25,368 INFO     ___FILE_ONLY___ ═
2025-08-19 13:37:25,387 INFO     ___FILE_ONLY___ ═
2025-08-19 13:37:25,401 INFO     ___FILE_ONLY___ ═
2025-08-19 13:37:25,418 INFO     ___FILE_ONLY___ ═
2025-08-19 13:37:25,428 INFO     ___FILE_ONLY___ ═
2025-08-19 13:37:25,439 INFO     ___FILE_ONLY___ ═
2025-08-19 13:37:25,473 INFO     ___FILE_ONLY___ ═
2025-08-19 13:37:25,488 INFO     ___FILE_ONLY___ ═
2025-08-19 13:37:25,499 INFO     ___FILE_ONLY___ ═
2025-08-19 13:37:25,508 INFO     ___FILE_ONLY___ ═
2025-08-19 13:37:25,518 INFO     ___FILE_ONLY___ ═
2025-08-19 13:37:25,529 INFO     ___FILE_ONLY___ ═
2025-08-19 13:37:25,539 INFO     ___FILE_ONLY___ ═
2025-08-19 13:37:25,548 INFO     ___FILE_ONLY___ ═
2025-08-19 13:37:25,558 INFO     ___FILE_ONLY___ ═
2025-08-19 13:37:25,567 INFO     ___FILE_ONLY___ ═
2025-08-19 13:37:25,577 INFO     ___FILE_ONLY___ ═
2025-08-19 13:37:25,589 INFO     ___FILE_ONLY___ ═
2025-08-19 13:37:25,603 INFO     ___FILE_ONLY___ ═
2025-08-19 13:37:25,616 INFO     ___FILE_ONLY___ ═
2025-08-19 13:37:25,629 INFO     ___FILE_ONLY___ ═
2025-08-19 13:37:25,643 INFO     ___FILE_ONLY___ ═
2025-08-19 13:37:25,655 INFO     ___FILE_ONLY___ ═
2025-08-19 13:37:25,669 INFO     ___FILE_ONLY___ ═
2025-08-19 13:37:25,686 INFO     ___FILE_ONLY___ ═
2025-08-19 13:37:25,706 INFO     ___FILE_ONLY___ ═
2025-08-19 13:37:25,723 INFO     ___FILE_ONLY___ ═
2025-08-19 13:37:25,740 INFO     ___FILE_ONLY___ ═
2025-08-19 13:37:25,740 INFO     ___FILE_ONLY___ ╝

2025-08-19 13:37:25,770 INFO     ___FILE_ONLY___ ╔════════════════════════════════════════════════════════════╗

2025-08-19 13:37:25,771 INFO     ___FILE_ONLY___ ╠═ Installing: Cloud Storage Command Line Tool (Platform... ═╣

2025-08-19 13:37:25,771 INFO     ___FILE_ONLY___ ╚
2025-08-19 13:37:25,772 INFO     ___FILE_ONLY___ ════════════════════════════════════════════════════════════
2025-08-19 13:37:25,772 INFO     ___FILE_ONLY___ ╝

2025-08-19 13:37:25,776 INFO     ___FILE_ONLY___ ╔════════════════════════════════════════════════════════════╗

2025-08-19 13:37:25,776 INFO     ___FILE_ONLY___ ╠═ Installing: Default set of gcloud commands               ═╣

2025-08-19 13:37:25,776 INFO     ___FILE_ONLY___ ╚
2025-08-19 13:37:25,779 INFO     ___FILE_ONLY___ ════════════════════════════════════════════════════════════
2025-08-19 13:37:25,779 INFO     ___FILE_ONLY___ ╝

2025-08-19 13:37:25,781 INFO     ___FILE_ONLY___ ╔════════════════════════════════════════════════════════════╗

2025-08-19 13:37:25,781 INFO     ___FILE_ONLY___ ╠═ Installing: Google Cloud CLI Core Libraries (Platform... ═╣

2025-08-19 13:37:25,781 INFO     ___FILE_ONLY___ ╚
2025-08-19 13:37:25,782 INFO     ___FILE_ONLY___ ══════════════════════════════
2025-08-19 13:37:25,782 INFO     ___FILE_ONLY___ ══════════════════════════════
2025-08-19 13:37:25,782 INFO     ___FILE_ONLY___ ╝

2025-08-19 13:37:25,786 INFO     ___FILE_ONLY___ ╔════════════════════════════════════════════════════════════╗

2025-08-19 13:37:25,786 INFO     ___FILE_ONLY___ ╠═ Installing: Google Cloud CRC32C Hash Tool                ═╣

2025-08-19 13:37:25,786 INFO     ___FILE_ONLY___ ╚
2025-08-19 13:37:25,789 INFO     ___FILE_ONLY___ ════════════════════════════════════════════════════════════
2025-08-19 13:37:25,789 INFO     ___FILE_ONLY___ ╝

2025-08-19 13:37:25,791 INFO     ___FILE_ONLY___ ╔════════════════════════════════════════════════════════════╗

2025-08-19 13:37:25,791 INFO     ___FILE_ONLY___ ╠═ Installing: Google Cloud CRC32C Hash Tool (Platform S... ═╣

2025-08-19 13:37:25,791 INFO     ___FILE_ONLY___ ╚
2025-08-19 13:37:25,827 INFO     ___FILE_ONLY___ ══════════════════════════════
2025-08-19 13:37:25,828 INFO     ___FILE_ONLY___ ══════════════════════════════
2025-08-19 13:37:25,828 INFO     ___FILE_ONLY___ ╝

2025-08-19 13:37:25,833 INFO     ___FILE_ONLY___ ╔════════════════════════════════════════════════════════════╗

2025-08-19 13:37:25,833 INFO     ___FILE_ONLY___ ╠═ Installing: gcloud cli dependencies (Platform Specific)  ═╣

2025-08-19 13:37:25,833 INFO     ___FILE_ONLY___ ╚
2025-08-19 13:37:25,833 INFO     ___FILE_ONLY___ ════════════════════════════════════════════════════════════
2025-08-19 13:37:25,833 INFO     ___FILE_ONLY___ ╝

2025-08-19 13:37:25,838 DEBUG    root            Updating notification cache...
2025-08-19 13:37:25,839 INFO     ___FILE_ONLY___ 

2025-08-19 13:37:25,841 INFO     ___FILE_ONLY___ Performing post processing steps...
2025-08-19 13:37:25,841 DEBUG    root            Executing command: ['/tools/google-cloud-sdk/bin/gcloud', 'components', 'post-process']
2025-08-19 13:37:34,381 DEBUG    ___FILE_ONLY___ 
2025-08-19 13:37:34,381 DEBUG    ___FILE_ONLY___ 
2025-08-19 13:37:34,626 INFO     root            descriptor_list: [{'universeDomain': 'googleapis.com', 'universeShortName': '', 'authenticationDomain': 'auth.cloud.google.com', 'projectPrefix': '', 'cloudWebDomain': 'cloud.google.com', 'documentationDomain': 'cloud.google.com', 'version': '1.0.0', 'state': 'primary', 'artifactRegistryDomain': 'pkg.dev'}]
2025-08-19 13:37:34,626 INFO     ___FILE_ONLY___ 
Update done!


2025-08-19 13:37:34,629 DEBUG    root            Chosen display Format:none
2025-08-19 13:37:34,629 INFO     root            Display format: "none"
