2025-08-19 13:37:35,370 DEBUG    root            Loaded Command Group: ['gcloud', 'components']
2025-08-19 13:37:35,372 DEBUG    root            Loaded Command Group: ['gcloud', 'components', 'update']
2025-08-19 13:37:35,374 DEBUG    root            Running [gcloud.components.update] with arguments: [--quiet: "True", COMPONENT-IDS:8: "['gcloud', 'core', 'bq', 'gsutil', 'compute', 'preview', 'alpha', 'beta']"]
2025-08-19 13:37:35,375 INFO     ___FILE_ONLY___ Beginning update. This process may take several minutes.

2025-08-19 13:37:35,384 DEBUG    urllib3.connectionpool Starting new HTTPS connection (1): dl.google.com:443
2025-08-19 13:37:36,446 DEBUG    urllib3.connectionpool https://dl.google.com:443 "GET /dl/cloudsdk/channels/rapid/components-2.json HTTP/11" 200 233150
2025-08-19 13:37:36,458 WARNING  root            Component [compute] no longer exists.
2025-08-19 13:37:36,459 INFO     ___FILE_ONLY___ 

2025-08-19 13:37:36,460 INFO     ___FILE_ONLY___ 
Your current Google Cloud CLI version is: 534.0.0

2025-08-19 13:37:36,460 INFO     ___FILE_ONLY___ Installing components from version: 534.0.0

2025-08-19 13:37:36,460 INFO     ___FILE_ONLY___ 

2025-08-19 13:37:36,460 DEBUG    root            Chosen display Format:table[box,title="These components will be removed."](details.display_name:label=Name:align=left,version.version_string:label=Version:align=right,data.size.size(zero="",min=1048576):label=Size:align=right)
2025-08-19 13:37:36,461 DEBUG    root            Chosen display Format:table[box,title="These components will be updated."](details.display_name:label=Name:align=left,version.version_string:label=Version:align=right,data.size.size(zero="",min=1048576):label=Size:align=right)
2025-08-19 13:37:36,461 DEBUG    root            Chosen display Format:table[box,title="These components will be installed."](details.display_name:label=Name:align=left,version.version_string:label=Version:align=right,data.size.size(zero="",min=1048576):label=Size:align=right)
2025-08-19 13:37:36,481 INFO     ___FILE_ONLY___ ┌────────────────────────────────────────────────┐
2025-08-19 13:37:36,481 INFO     ___FILE_ONLY___ 

2025-08-19 13:37:36,481 INFO     ___FILE_ONLY___ │      These components will be installed.       │
2025-08-19 13:37:36,481 INFO     ___FILE_ONLY___ 

2025-08-19 13:37:36,481 INFO     ___FILE_ONLY___ ├─────────────────────────┬────────────┬─────────┤
2025-08-19 13:37:36,481 INFO     ___FILE_ONLY___ 

2025-08-19 13:37:36,482 INFO     ___FILE_ONLY___ │           Name          │  Version   │   Size  │
2025-08-19 13:37:36,482 INFO     ___FILE_ONLY___ 

2025-08-19 13:37:36,482 INFO     ___FILE_ONLY___ ├─────────────────────────┼────────────┼─────────┤
2025-08-19 13:37:36,482 INFO     ___FILE_ONLY___ 

2025-08-19 13:37:36,482 INFO     ___FILE_ONLY___ │ 
2025-08-19 13:37:36,482 INFO     ___FILE_ONLY___ gcloud Alpha Commands  
2025-08-19 13:37:36,482 INFO     ___FILE_ONLY___  
2025-08-19 13:37:36,482 INFO     ___FILE_ONLY___ │ 
2025-08-19 13:37:36,482 INFO     ___FILE_ONLY___ 2025.08.08
2025-08-19 13:37:36,482 INFO     ___FILE_ONLY___  
2025-08-19 13:37:36,482 INFO     ___FILE_ONLY___ │ 
2025-08-19 13:37:36,483 INFO     ___FILE_ONLY___ < 1 MiB
2025-08-19 13:37:36,483 INFO     ___FILE_ONLY___  
2025-08-19 13:37:36,483 INFO     ___FILE_ONLY___ │
2025-08-19 13:37:36,483 INFO     ___FILE_ONLY___ 

2025-08-19 13:37:36,483 INFO     ___FILE_ONLY___ │ 
2025-08-19 13:37:36,483 INFO     ___FILE_ONLY___ gcloud Beta Commands   
2025-08-19 13:37:36,483 INFO     ___FILE_ONLY___  
2025-08-19 13:37:36,483 INFO     ___FILE_ONLY___ │ 
2025-08-19 13:37:36,483 INFO     ___FILE_ONLY___ 2025.08.08
2025-08-19 13:37:36,483 INFO     ___FILE_ONLY___  
2025-08-19 13:37:36,483 INFO     ___FILE_ONLY___ │ 
2025-08-19 13:37:36,483 INFO     ___FILE_ONLY___ < 1 MiB
2025-08-19 13:37:36,484 INFO     ___FILE_ONLY___  
2025-08-19 13:37:36,484 INFO     ___FILE_ONLY___ │
2025-08-19 13:37:36,484 INFO     ___FILE_ONLY___ 

2025-08-19 13:37:36,484 INFO     ___FILE_ONLY___ │ 
2025-08-19 13:37:36,484 INFO     ___FILE_ONLY___ gcloud Preview Commands
2025-08-19 13:37:36,484 INFO     ___FILE_ONLY___  
2025-08-19 13:37:36,484 INFO     ___FILE_ONLY___ │ 
2025-08-19 13:37:36,484 INFO     ___FILE_ONLY___           
2025-08-19 13:37:36,484 INFO     ___FILE_ONLY___  
2025-08-19 13:37:36,484 INFO     ___FILE_ONLY___ │ 
2025-08-19 13:37:36,484 INFO     ___FILE_ONLY___ < 1 MiB
2025-08-19 13:37:36,484 INFO     ___FILE_ONLY___  
2025-08-19 13:37:36,484 INFO     ___FILE_ONLY___ │
2025-08-19 13:37:36,485 INFO     ___FILE_ONLY___ 

2025-08-19 13:37:36,485 INFO     ___FILE_ONLY___ └─────────────────────────┴────────────┴─────────┘
2025-08-19 13:37:36,485 INFO     ___FILE_ONLY___ 

2025-08-19 13:37:36,485 INFO     ___FILE_ONLY___ 

2025-08-19 13:37:36,488 DEBUG    urllib3.connectionpool Starting new HTTPS connection (1): dl.google.com:443
2025-08-19 13:37:37,559 DEBUG    urllib3.connectionpool https://dl.google.com:443 "GET /dl/cloudsdk/channels/rapid/RELEASE_NOTES HTTP/11" 200 1464830
2025-08-19 13:37:38,113 INFO     ___FILE_ONLY___ For the latest full release notes, please visit:
  https://cloud.google.com/sdk/release_notes


2025-08-19 13:37:38,113 INFO     ___FILE_ONLY___ Performing in place update...


2025-08-19 13:37:38,115 INFO     ___FILE_ONLY___ ╔════════════════════════════════════════════════════════════╗

2025-08-19 13:37:38,116 INFO     ___FILE_ONLY___ ╠═ Downloading: gcloud Alpha Commands                       ═╣

2025-08-19 13:37:38,116 INFO     ___FILE_ONLY___ ╚
2025-08-19 13:37:38,118 DEBUG    urllib3.connectionpool Starting new HTTPS connection (1): dl.google.com:443
2025-08-19 13:37:39,184 DEBUG    urllib3.connectionpool https://dl.google.com:443 "GET /dl/cloudsdk/channels/rapid/components/google-cloud-sdk-alpha-20250808155822.tar.gz HTTP/11" 200 800
2025-08-19 13:37:39,185 INFO     ___FILE_ONLY___ ════════════════════════════════════════════════════════════
2025-08-19 13:37:39,185 INFO     ___FILE_ONLY___ ╝

2025-08-19 13:37:39,187 INFO     ___FILE_ONLY___ ╔════════════════════════════════════════════════════════════╗

2025-08-19 13:37:39,187 INFO     ___FILE_ONLY___ ╠═ Downloading: gcloud Beta Commands                        ═╣

2025-08-19 13:37:39,187 INFO     ___FILE_ONLY___ ╚
2025-08-19 13:37:39,190 DEBUG    urllib3.connectionpool Starting new HTTPS connection (1): dl.google.com:443
2025-08-19 13:37:40,265 DEBUG    urllib3.connectionpool https://dl.google.com:443 "GET /dl/cloudsdk/channels/rapid/components/google-cloud-sdk-beta-20250808155822.tar.gz HTTP/11" 200 797
2025-08-19 13:37:40,266 INFO     ___FILE_ONLY___ ════════════════════════════════════════════════════════════
2025-08-19 13:37:40,266 INFO     ___FILE_ONLY___ ╝

2025-08-19 13:37:40,268 INFO     ___FILE_ONLY___ ╔════════════════════════════════════════════════════════════╗

2025-08-19 13:37:40,268 INFO     ___FILE_ONLY___ ╠═ Downloading: gcloud Preview Commands                     ═╣

2025-08-19 13:37:40,268 INFO     ___FILE_ONLY___ ╚
2025-08-19 13:37:40,271 DEBUG    urllib3.connectionpool Starting new HTTPS connection (1): dl.google.com:443
2025-08-19 13:37:41,372 DEBUG    urllib3.connectionpool https://dl.google.com:443 "GET /dl/cloudsdk/channels/rapid/components/google-cloud-sdk-preview-20241115154308.tar.gz HTTP/11" 200 823
2025-08-19 13:37:41,373 INFO     ___FILE_ONLY___ ════════════════════════════════════════════════════════════
2025-08-19 13:37:41,373 INFO     ___FILE_ONLY___ ╝

2025-08-19 13:37:41,375 INFO     ___FILE_ONLY___ ╔════════════════════════════════════════════════════════════╗

2025-08-19 13:37:41,375 INFO     ___FILE_ONLY___ ╠═ Installing: gcloud Alpha Commands                        ═╣

2025-08-19 13:37:41,375 INFO     ___FILE_ONLY___ ╚
2025-08-19 13:37:41,376 INFO     ___FILE_ONLY___ ════════════════════════════════════════════════════════════
2025-08-19 13:37:41,376 INFO     ___FILE_ONLY___ ╝

2025-08-19 13:37:41,381 INFO     ___FILE_ONLY___ ╔════════════════════════════════════════════════════════════╗

2025-08-19 13:37:41,381 INFO     ___FILE_ONLY___ ╠═ Installing: gcloud Beta Commands                         ═╣

2025-08-19 13:37:41,381 INFO     ___FILE_ONLY___ ╚
2025-08-19 13:37:41,382 INFO     ___FILE_ONLY___ ════════════════════════════════════════════════════════════
2025-08-19 13:37:41,382 INFO     ___FILE_ONLY___ ╝

2025-08-19 13:37:41,386 INFO     ___FILE_ONLY___ ╔════════════════════════════════════════════════════════════╗

2025-08-19 13:37:41,386 INFO     ___FILE_ONLY___ ╠═ Installing: gcloud Preview Commands                      ═╣

2025-08-19 13:37:41,386 INFO     ___FILE_ONLY___ ╚
2025-08-19 13:37:41,387 INFO     ___FILE_ONLY___ ════════════════════════════════════════════════════════════
2025-08-19 13:37:41,387 INFO     ___FILE_ONLY___ ╝

2025-08-19 13:37:41,392 DEBUG    root            Updating notification cache...
2025-08-19 13:37:41,392 INFO     ___FILE_ONLY___ 

2025-08-19 13:37:41,394 INFO     ___FILE_ONLY___ Performing post processing steps...
2025-08-19 13:37:41,394 DEBUG    root            Executing command: ['/tools/google-cloud-sdk/bin/gcloud', 'components', 'post-process']
2025-08-19 13:37:49,689 DEBUG    ___FILE_ONLY___ 
2025-08-19 13:37:49,689 DEBUG    ___FILE_ONLY___ 
2025-08-19 13:37:49,920 INFO     root            descriptor_list: [{'universeDomain': 'googleapis.com', 'universeShortName': '', 'authenticationDomain': 'auth.cloud.google.com', 'projectPrefix': '', 'cloudWebDomain': 'cloud.google.com', 'documentationDomain': 'cloud.google.com', 'version': '1.0.0', 'state': 'primary', 'artifactRegistryDomain': 'pkg.dev'}]
2025-08-19 13:37:49,920 INFO     ___FILE_ONLY___ 
Update done!


2025-08-19 13:37:49,922 DEBUG    root            Chosen display Format:none
2025-08-19 13:37:49,923 INFO     root            Display format: "none"
